#
# A fatal error has been detected by the Java Runtime Environment:
#
#  EXCEPTION_ACCESS_VIOLATION (0xc0000005) at pc=0x617493cd, pid=13068, tid=0x00001d08
#
# JRE version: Java(TM) SE Runtime Environment (8.0_92-b14) (build 1.8.0_92-b14)
# Java VM: Java HotSpot(TM) Client VM (25.92-b14 mixed mode windows-x86 )
# Problematic frame:
# C  [listSerialsj.dll+0x93cd]
#
# Failed to write core dump. Minidumps are not enabled by default on client versions of Windows
#
# If you would like to submit a bug report, please visit:
#   http://bugreport.java.com/bugreport/crash.jsp
# The crash happened outside the Java Virtual Machine in native code.
# See problematic frame for where to report the bug.
#

---------------  T H R E A D  ---------------

Current thread (0x264df400):  JavaThread "cc.arduino.packages.discoverers.serial.SerialBoardsLister" [_thread_in_native, id=7432, stack(0x27330000,0x27380000)]

siginfo: ExceptionCode=0xc0000005, writing address 0x00000000

Registers:
EAX=0x00000000, EBX=0x00000254, ECX=0x00000000, EDX=0x00000001
ESP=0x2737ec10, EBP=0x2737f068, ESI=0x00000001, EDI=0x00d3a978
EIP=0x617493cd, EFLAGS=0x00010246

Top of Stack: (sp=0x2737ec10)
0x2737ec10:   25f94050 0000002e 00000002 00000000
0x2737ec20:   00000003 00000000 00000000 00000000
0x2737ec30:   000003ec 2737ee6c 0000006c 7569a540
0x2737ec40:   25f99740 00f95a6c 00d3ac30 00000098
0x2737ec50:   2737f320 2737f250 00000032 00000002
0x2737ec60:   00000001 0000006c 0000002f 0000008e
0x2737ec70:   008e77a9 00000000 384d4f43 00000000
0x2737ec80:   00425355 2737edbc 6a9630dc 00000000 

Instructions: (pc=0x617493cd)
0x617493ad:   8b 45 08 8b 90 94 00 00 00 85 d2 74 16 8b 40 2c
0x617493bd:   c7 44 24 04 2e 00 00 00 89 04 24 e8 73 14 00 00
0x617493cd:   c6 00 00 8d 85 04 fc ff ff 89 44 24 18 8d 85 0a
0x617493dd:   fc ff ff 89 44 24 10 a1 e4 01 75 61 c7 85 04 fc 


Register to memory mapping:

EAX=0x00000000 is an unknown value
EBX=0x00000254 is an unknown value
ECX=0x00000000 is an unknown value
EDX=0x00000001 is an unknown value
ESP=0x2737ec10 is pointing into the stack for thread: 0x264df400
EBP=0x2737f068 is pointing into the stack for thread: 0x264df400
ESI=0x00000001 is an unknown value
EDI=0x00d3a978 is an unknown value


Stack: [0x27330000,0x27380000],  sp=0x2737ec10,  free space=315k
Native frames: (J=compiled Java code, j=interpreted, Vv=VM code, C=native code)
C  [listSerialsj.dll+0x93cd]
C  [listSerialsj.dll+0x2211]

Java frames: (J=compiled Java code, j=interpreted, Vv=VM code)
j  processing.app.Platform.listSerialsNative()[Ljava/lang/String;+0
j  processing.app.Platform.listSerials()Ljava/util/List;+5
j  cc.arduino.packages.discoverers.serial.SerialBoardsLister.retriggerDiscovery(Z)V+22
j  cc.arduino.packages.discoverers.serial.SerialBoardsLister.run()V+9
j  java.util.TimerThread.mainLoop()V+221
j  java.util.TimerThread.run()V+1
v  ~StubRoutines::call_stub

---------------  P R O C E S S  ---------------

Java Threads: ( => current thread )
  0x2823f000 JavaThread "JmDNS(155-41-101-178.local.).Timer" daemon [_thread_blocked, id=1748, stack(0x298b0000,0x29900000)]
  0x2823e400 JavaThread "JmDNS(155-41-101-178.local.).State.Timer" [_thread_blocked, id=13696, stack(0x29820000,0x29870000)]
  0x2823dc00 JavaThread "JmDNS(155-41-101-178.local.).Timer" daemon [_thread_blocked, id=14128, stack(0x29790000,0x297e0000)]
  0x2823d800 JavaThread "SocketListener(155-41-101-178.local.)" daemon [_thread_in_native, id=12984, stack(0x29700000,0x29750000)]
  0x28240400 JavaThread "JmDNS(DESKTOP-DH36CHU.local.).Timer" daemon [_thread_blocked, id=15904, stack(0x29670000,0x296c0000)]
  0x2823fc00 JavaThread "JmDNS(DESKTOP-DH36CHU.local.).State.Timer" [_thread_blocked, id=6176, stack(0x295e0000,0x29630000)]
  0x2823d000 JavaThread "JmDNS(DESKTOP-DH36CHU.local.).Timer" daemon [_thread_blocked, id=12628, stack(0x28700000,0x28750000)]
  0x2823e800 JavaThread "SocketListener(DESKTOP-DH36CHU.local.)" daemon [_thread_in_native, id=15528, stack(0x01280000,0x012d0000)]
  0x2823f400 JavaThread "JmDNS(DESKTOP-DH36CHU.local.).State.Timer" [_thread_blocked, id=16732, stack(0x294c0000,0x29510000)]
  0x2815b800 JavaThread "SocketListener(DESKTOP-DH36CHU.local.)" daemon [_thread_in_native, id=14272, stack(0x28ff0000,0x29040000)]
  0x2815b400 JavaThread "JmDNS(fe80:0:0:0:4d71:8756:7f7:d60%wlan1.local.).Timer" daemon [_thread_blocked, id=15560, stack(0x292a0000,0x292f0000)]
  0x2815c000 JavaThread "JmDNS(fe80:0:0:0:4d71:8756:7f7:d60%wlan1.local.).State.Timer" [_thread_blocked, id=17452, stack(0x29210000,0x29260000)]
  0x2815ac00 JavaThread "JmDNS(fe80:0:0:0:4d71:8756:7f7:d60%wlan1.local.).Timer" daemon [_thread_blocked, id=2192, stack(0x28f60000,0x28fb0000)]
  0x28159800 JavaThread "SocketListener(fe80:0:0:0:4d71:8756:7f7:d60%wlan1.local.)" daemon [_thread_in_native, id=16796, stack(0x02bc0000,0x02c10000)]
  0x2815a000 JavaThread "DestroyJavaVM" [_thread_blocked, id=15984, stack(0x02c10000,0x02c60000)]
  0x2815d000 JavaThread "AWT-EventQueue-0" [_thread_blocked, id=5468, stack(0x28dd0000,0x28e20000)]
  0x28159400 JavaThread "AWT-Shutdown" [_thread_blocked, id=12788, stack(0x28d40000,0x28d90000)]
  0x28158c00 JavaThread "TimerQueue" daemon [_thread_blocked, id=5000, stack(0x28cb0000,0x28d00000)]
  0x27db6400 JavaThread "Batik CleanerThread" daemon [_thread_blocked, id=15312, stack(0x28650000,0x286a0000)]
  0x264f5800 JavaThread "cc.arduino.packages.discoverers.network.BoardReachabilityFilter" [_thread_blocked, id=7416, stack(0x27450000,0x274a0000)]
  0x264dfc00 JavaThread "cc.arduino.packages.discoverers.network.NetworkChecker" [_thread_blocked, id=17664, stack(0x273c0000,0x27410000)]
=>0x264df400 JavaThread "cc.arduino.packages.discoverers.serial.SerialBoardsLister" [_thread_in_native, id=7432, stack(0x27330000,0x27380000)]
  0x264b7c00 JavaThread "AWT-Windows" daemon [_thread_in_native, id=10712, stack(0x269c0000,0x26a10000)]
  0x264b6c00 JavaThread "Java2D Disposer" daemon [_thread_blocked, id=5864, stack(0x268a0000,0x268f0000)]
  0x25ba2800 JavaThread "Service Thread" daemon [_thread_blocked, id=9492, stack(0x26280000,0x262d0000)]
  0x25bacc00 JavaThread "C1 CompilerThread0" daemon [_thread_blocked, id=17000, stack(0x261f0000,0x26240000)]
  0x25bab400 JavaThread "Attach Listener" daemon [_thread_blocked, id=16848, stack(0x26160000,0x261b0000)]
  0x25ba9800 JavaThread "Signal Dispatcher" daemon [_thread_blocked, id=5908, stack(0x260d0000,0x26120000)]
  0x25b8c400 JavaThread "Finalizer" daemon [_thread_blocked, id=4932, stack(0x25e50000,0x25ea0000)]
  0x25b76400 JavaThread "Reference Handler" daemon [_thread_blocked, id=18284, stack(0x25dc0000,0x25e10000)]

Other Threads:
  0x25b71000 VMThread [stack: 0x25d70000,0x25dc0000] [id=13388]
  0x25ba7400 WatcherThread [stack: 0x26310000,0x26360000] [id=17904]

VM state:not at safepoint (normal execution)

VM Mutex/Monitor currently owned by a thread: None

Heap:
 def new generation   total 39424K, used 7968K [0x05000000, 0x07ac0000, 0x0faa0000)
  eden space 35072K,  11% used [0x05000000, 0x053f41d8, 0x07240000)
  from space 4352K,  90% used [0x07240000, 0x07613fe8, 0x07680000)
  to   space 4352K,   0% used [0x07680000, 0x07680000, 0x07ac0000)
 tenured generation   total 87424K, used 27004K [0x0faa0000, 0x15000000, 0x25000000)
   the space 87424K,  30% used [0x0faa0000, 0x114ff3f8, 0x114ff400, 0x15000000)
 Metaspace       used 18101K, capacity 18546K, committed 18560K, reserved 18816K

Card table byte_map: [0x04e60000,0x04f70000] byte_map_base: 0x04e38000

Polling page: 0x00df0000

CodeCache: size=32768Kb used=3196Kb max_used=3196Kb free=29571Kb
 bounds [0x02e60000, 0x03180000, 0x04e60000]
 total_blobs=2061 nmethods=1788 adapters=202
 compilation: enabled

Compilation events (10 events):
Event: 302.541 Thread 0x25bacc00 1824  s          javax.swing.RepaintManager::getPaintManager (107 bytes)
Event: 302.543 Thread 0x25bacc00 nmethod 1824 0x0317e748 code [0x0317e8c0, 0x0317ee28]
Event: 303.043 Thread 0x25bacc00 1825             sun.awt.image.VolatileSurfaceManager::getPrimarySurfaceData (5 bytes)
Event: 303.043 Thread 0x25bacc00 nmethod 1825 0x0317f188 code [0x0317f280, 0x0317f300]
Event: 305.547 Thread 0x25bacc00 1826             java.awt.image.ColorModel::getTransparency (5 bytes)
Event: 305.548 Thread 0x25bacc00 nmethod 1826 0x0317f348 code [0x0317f440, 0x0317f4c0]
Event: 307.549 Thread 0x25bacc00 1827             javax.swing.JComponent::isOpaque (6 bytes)
Event: 307.549 Thread 0x25bacc00 nmethod 1827 0x0317f508 code [0x0317f600, 0x0317f6a0]
Event: 308.050 Thread 0x25bacc00 1828             javax.swing.TimerQueue::now (8 bytes)
Event: 308.050 Thread 0x25bacc00 nmethod 1828 0x0317f708 code [0x0317f800, 0x0317f880]

GC Heap History (10 events):
Event: 6.981 GC heap before
{Heap before GC invocations=0 (full 0):
 def new generation   total 39296K, used 34944K [0x05000000, 0x07aa0000, 0x0faa0000)
  eden space 34944K, 100% used [0x05000000, 0x07220000, 0x07220000)
  from space 4352K,   0% used [0x07220000, 0x07220000, 0x07660000)
  to   space 4352K,   0% used [0x07660000, 0x07660000, 0x07aa0000)
 tenured generation   total 87424K, used 0K [0x0faa0000, 0x15000000, 0x25000000)
   the space 87424K,   0% used [0x0faa0000, 0x0faa0000, 0x0faa0200, 0x15000000)
 Metaspace       used 9718K, capacity 9929K, committed 9984K, reserved 10624K
Event: 7.005 GC heap after
Heap after GC invocations=1 (full 0):
 def new generation   total 39296K, used 4352K [0x05000000, 0x07aa0000, 0x0faa0000)
  eden space 34944K,   0% used [0x05000000, 0x05000000, 0x07220000)
  from space 4352K, 100% used [0x07660000, 0x07aa0000, 0x07aa0000)
  to   space 4352K,   0% used [0x07220000, 0x07220000, 0x07660000)
 tenured generation   total 87424K, used 2637K [0x0faa0000, 0x15000000, 0x25000000)
   the space 87424K,   3% used [0x0faa0000, 0x0fd334f0, 0x0fd33600, 0x15000000)
 Metaspace       used 9718K, capacity 9929K, committed 9984K, reserved 10624K
}
Event: 8.331 GC heap before
{Heap before GC invocations=1 (full 0):
 def new generation   total 39296K, used 39296K [0x05000000, 0x07aa0000, 0x0faa0000)
  eden space 34944K, 100% used [0x05000000, 0x07220000, 0x07220000)
  from space 4352K, 100% used [0x07660000, 0x07aa0000, 0x07aa0000)
  to   space 4352K,   0% used [0x07220000, 0x07220000, 0x07660000)
 tenured generation   total 87424K, used 2637K [0x0faa0000, 0x15000000, 0x25000000)
   the space 87424K,   3% used [0x0faa0000, 0x0fd334f0, 0x0fd33600, 0x15000000)
 Metaspace       used 10984K, capacity 11311K, committed 11392K, reserved 11648K
Event: 8.380 GC heap after
Heap after GC invocations=2 (full 0):
 def new generation   total 39296K, used 4352K [0x05000000, 0x07aa0000, 0x0faa0000)
  eden space 34944K,   0% used [0x05000000, 0x05000000, 0x07220000)
  from space 4352K, 100% used [0x07220000, 0x07660000, 0x07660000)
  to   space 4352K,   0% used [0x07660000, 0x07660000, 0x07aa0000)
 tenured generation   total 87424K, used 8975K [0x0faa0000, 0x15000000, 0x25000000)
   the space 87424K,  10% used [0x0faa0000, 0x10363d48, 0x10363e00, 0x15000000)
 Metaspace       used 10984K, capacity 11311K, committed 11392K, reserved 11648K
}
Event: 11.595 GC heap before
{Heap before GC invocations=2 (full 0):
 def new generation   total 39296K, used 31119K [0x05000000, 0x07aa0000, 0x0faa0000)
  eden space 34944K,  76% used [0x05000000, 0x06a23da8, 0x07220000)
  from space 4352K, 100% used [0x07220000, 0x07660000, 0x07660000)
  to   space 4352K,   0% used [0x07660000, 0x07660000, 0x07aa0000)
 tenured generation   total 87424K, used 8975K [0x0faa0000, 0x15000000, 0x25000000)
   the space 87424K,  10% used [0x0faa0000, 0x10363d48, 0x10363e00, 0x15000000)
 Metaspace       used 11934K, capacity 12284K, committed 12288K, reserved 12672K
Event: 11.678 GC heap after
Heap after GC invocations=3 (full 1):
 def new generation   total 39424K, used 0K [0x05000000, 0x07ac0000, 0x0faa0000)
  eden space 35072K,   0% used [0x05000000, 0x05000000, 0x07240000)
  from space 4352K,   0% used [0x07240000, 0x07240000, 0x07680000)
  to   space 4352K,   0% used [0x07680000, 0x07680000, 0x07ac0000)
 tenured generation   total 87424K, used 16282K [0x0faa0000, 0x15000000, 0x25000000)
   the space 87424K,  18% used [0x0faa0000, 0x10a86988, 0x10a86a00, 0x15000000)
 Metaspace       used 11934K, capacity 12284K, committed 12288K, reserved 12672K
}
Event: 13.407 GC heap before
{Heap before GC invocations=3 (full 1):
 def new generation   total 39424K, used 28115K [0x05000000, 0x07ac0000, 0x0faa0000)
  eden space 35072K,  80% used [0x05000000, 0x06b74f88, 0x07240000)
  from space 4352K,   0% used [0x07240000, 0x07240000, 0x07680000)
  to   space 4352K,   0% used [0x07680000, 0x07680000, 0x07ac0000)
 tenured generation   total 87424K, used 16282K [0x0faa0000, 0x15000000, 0x25000000)
   the space 87424K,  18% used [0x0faa0000, 0x10a86988, 0x10a86a00, 0x15000000)
 Metaspace       used 17110K, capacity 17519K, committed 17536K, reserved 17792K
Event: 13.438 GC heap after
Heap after GC invocations=4 (full 1):
 def new generation   total 39424K, used 4352K [0x05000000, 0x07ac0000, 0x0faa0000)
  eden space 35072K,   0% used [0x05000000, 0x05000000, 0x07240000)
  from space 4352K, 100% used [0x07680000, 0x07ac0000, 0x07ac0000)
  to   space 4352K,   0% used [0x07240000, 0x07240000, 0x07680000)
 tenured generation   total 87424K, used 17472K [0x0faa0000, 0x15000000, 0x25000000)
   the space 87424K,  19% used [0x0faa0000, 0x10bb0268, 0x10bb0400, 0x15000000)
 Metaspace       used 17110K, capacity 17519K, committed 17536K, reserved 17792K
}
Event: 118.229 GC heap before
{Heap before GC invocations=4 (full 1):
 def new generation   total 39424K, used 39424K [0x05000000, 0x07ac0000, 0x0faa0000)
  eden space 35072K, 100% used [0x05000000, 0x07240000, 0x07240000)
  from space 4352K, 100% used [0x07680000, 0x07ac0000, 0x07ac0000)
  to   space 4352K,   0% used [0x07240000, 0x07240000, 0x07680000)
 tenured generation   total 87424K, used 17472K [0x0faa0000, 0x15000000, 0x25000000)
   the space 87424K,  19% used [0x0faa0000, 0x10bb0268, 0x10bb0400, 0x15000000)
 Metaspace       used 18090K, capacity 18546K, committed 18560K, reserved 18816K
Event: 118.269 GC heap after
Heap after GC invocations=5 (full 1):
 def new generation   total 39424K, used 3919K [0x05000000, 0x07ac0000, 0x0faa0000)
  eden space 35072K,   0% used [0x05000000, 0x05000000, 0x07240000)
  from space 4352K,  90% used [0x07240000, 0x07613fe8, 0x07680000)
  to   space 4352K,   0% used [0x07680000, 0x07680000, 0x07ac0000)
 tenured generation   total 87424K, used 27004K [0x0faa0000, 0x15000000, 0x25000000)
   the space 87424K,  30% used [0x0faa0000, 0x114ff3f8, 0x114ff400, 0x15000000)
 Metaspace       used 18090K, capacity 18546K, committed 18560K, reserved 18816K
}

Deoptimization events (0 events):
No events

Internal exceptions (10 events):
Event: 73.986 Thread 0x2815cc00 Exception <a 'sun/nio/fs/WindowsException'> (0x0634f070) thrown at [C:\workspace\8-2-build-windows-i586-cygwin\jdk8u92\6642\hotspot\src\share\vm\prims\jni.cpp, line 709]
Event: 73.987 Thread 0x2815cc00 Exception <a 'sun/nio/fs/WindowsException'> (0x0634f690) thrown at [C:\workspace\8-2-build-windows-i586-cygwin\jdk8u92\6642\hotspot\src\share\vm\prims\jni.cpp, line 709]
Event: 73.991 Thread 0x2815cc00 Exception <a 'sun/nio/fs/WindowsException'> (0x0635ac00) thrown at [C:\workspace\8-2-build-windows-i586-cygwin\jdk8u92\6642\hotspot\src\share\vm\prims\jni.cpp, line 709]
Event: 73.991 Thread 0x2815cc00 Exception <a 'sun/nio/fs/WindowsException'> (0x0635b1b8) thrown at [C:\workspace\8-2-build-windows-i586-cygwin\jdk8u92\6642\hotspot\src\share\vm\prims\jni.cpp, line 709]
Event: 74.001 Thread 0x2815cc00 Exception <a 'sun/nio/fs/WindowsException'> (0x0636b840) thrown at [C:\workspace\8-2-build-windows-i586-cygwin\jdk8u92\6642\hotspot\src\share\vm\prims\jni.cpp, line 709]
Event: 74.002 Thread 0x2815cc00 Exception <a 'sun/nio/fs/WindowsException'> (0x0636be10) thrown at [C:\workspace\8-2-build-windows-i586-cygwin\jdk8u92\6642\hotspot\src\share\vm\prims\jni.cpp, line 709]
Event: 74.007 Thread 0x2815cc00 Exception <a 'sun/nio/fs/WindowsException'> (0x063790a0) thrown at [C:\workspace\8-2-build-windows-i586-cygwin\jdk8u92\6642\hotspot\src\share\vm\prims\jni.cpp, line 709]
Event: 74.007 Thread 0x2815cc00 Exception <a 'sun/nio/fs/WindowsException'> (0x06379658) thrown at [C:\workspace\8-2-build-windows-i586-cygwin\jdk8u92\6642\hotspot\src\share\vm\prims\jni.cpp, line 709]
Event: 74.016 Thread 0x2815cc00 Exception <a 'sun/nio/fs/WindowsException'> (0x063a2808) thrown at [C:\workspace\8-2-build-windows-i586-cygwin\jdk8u92\6642\hotspot\src\share\vm\prims\jni.cpp, line 709]
Event: 74.016 Thread 0x2815cc00 Exception <a 'sun/nio/fs/WindowsException'> (0x063a2e50) thrown at [C:\workspace\8-2-build-windows-i586-cygwin\jdk8u92\6642\hotspot\src\share\vm\prims\jni.cpp, line 709]

Events (10 events):
Event: 328.459 Thread 0x2815c400 Thread exited: 0x2815c400
Event: 328.459 Thread 0x2823c800 Thread exited: 0x2823c800
Event: 328.459 loading class javax/jmdns/impl/tasks/state/Canceler
Event: 328.459 loading class javax/jmdns/impl/tasks/state/Canceler done
Event: 328.460 loading class java/util/concurrent/Semaphore
Event: 328.460 loading class java/util/concurrent/Semaphore done
Event: 328.460 loading class java/util/concurrent/Semaphore$FairSync
Event: 328.460 loading class java/util/concurrent/Semaphore$Sync
Event: 328.460 loading class java/util/concurrent/Semaphore$Sync done
Event: 328.460 loading class java/util/concurrent/Semaphore$FairSync done


Dynamic libraries:
0x00c10000 - 0x00c43000 	C:\Program Files (x86)\Arduino\java\bin\javaw.exe
0x777b0000 - 0x77933000 	C:\WINDOWS\SYSTEM32\ntdll.dll
0x75fb0000 - 0x76090000 	C:\WINDOWS\System32\KERNEL32.DLL
0x76770000 - 0x76911000 	C:\WINDOWS\System32\KERNELBASE.dll
0x75c80000 - 0x75cf7000 	C:\WINDOWS\System32\ADVAPI32.dll
0x76270000 - 0x7632e000 	C:\WINDOWS\System32\msvcrt.dll
0x76180000 - 0x761c1000 	C:\WINDOWS\System32\sechost.dll
0x75b40000 - 0x75c01000 	C:\WINDOWS\System32\RPCRT4.dll
0x74270000 - 0x7428e000 	C:\WINDOWS\System32\SspiCli.dll
0x74260000 - 0x7426a000 	C:\WINDOWS\System32\CRYPTBASE.dll
0x764f0000 - 0x7654a000 	C:\WINDOWS\System32\bcryptPrimitives.dll
0x75d60000 - 0x75ebf000 	C:\WINDOWS\System32\USER32.dll
0x76a10000 - 0x76a25000 	C:\WINDOWS\System32\win32u.dll
0x764c0000 - 0x764eb000 	C:\WINDOWS\System32\GDI32.dll
0x771b0000 - 0x7730b000 	C:\WINDOWS\System32\gdi32full.dll
0x71160000 - 0x7136a000 	C:\WINDOWS\WinSxS\x86_microsoft.windows.common-controls_6595b64144ccf1df_6.0.14393.447_none_89c64d28dafea4b9\COMCTL32.dll
0x76550000 - 0x76761000 	C:\WINDOWS\System32\combase.dll
0x76930000 - 0x76a10000 	C:\WINDOWS\System32\ucrtbase.dll
0x77670000 - 0x77695000 	C:\WINDOWS\System32\IMM32.DLL
0x6cfc0000 - 0x6d07f000 	C:\Program Files (x86)\Arduino\java\bin\msvcr100.dll
0x6a690000 - 0x6aa5b000 	C:\Program Files (x86)\Arduino\java\bin\client\jvm.dll
0x76920000 - 0x76926000 	C:\WINDOWS\System32\PSAPI.DLL
0x704c0000 - 0x704c8000 	C:\WINDOWS\SYSTEM32\WSOCK32.dll
0x6de50000 - 0x6de74000 	C:\WINDOWS\SYSTEM32\WINMM.dll
0x72c30000 - 0x72c38000 	C:\WINDOWS\SYSTEM32\VERSION.dll
0x6de20000 - 0x6de43000 	C:\WINDOWS\SYSTEM32\WINMMBASE.dll
0x77310000 - 0x77346000 	C:\WINDOWS\System32\cfgmgr32.dll
0x75c10000 - 0x75c73000 	C:\WINDOWS\System32\WS2_32.dll
0x6cbf0000 - 0x6cc21000 	C:\Program Files (x86)\Arduino\java\bin\splashscreen.dll
0x727c0000 - 0x72835000 	C:\WINDOWS\system32\uxtheme.dll
0x703b0000 - 0x703bc000 	C:\Program Files (x86)\Arduino\java\bin\verify.dll
0x77530000 - 0x77665000 	C:\WINDOWS\System32\MSCTF.dll
0x761d0000 - 0x76264000 	C:\WINDOWS\System32\OLEAUT32.dll
0x75f30000 - 0x75fab000 	C:\WINDOWS\System32\msvcp_win.dll
0x6f650000 - 0x6f671000 	C:\Program Files (x86)\Arduino\java\bin\java.dll
0x70d00000 - 0x70d7b000 	C:\Program Files (x86)\Common Files\Microsoft Shared\Ink\tiptsf.dll
0x6e010000 - 0x6e023000 	C:\Program Files (x86)\Arduino\java\bin\zip.dll
0x75d00000 - 0x75d0d000 	C:\WINDOWS\System32\kernel.appcore.dll
0x76090000 - 0x76114000 	C:\WINDOWS\System32\clbcatq.dll
0x71490000 - 0x715e2000 	C:\Windows\System32\uiautomationcore.dll
0x72840000 - 0x7285a000 	C:\Windows\System32\USERENV.dll
0x76330000 - 0x7633f000 	C:\WINDOWS\System32\profapi.dll
0x6ccc0000 - 0x6cd41000 	C:\WINDOWS\SYSTEM32\sxs.dll
0x6cc60000 - 0x6ccb4000 	C:\Windows\System32\OLEACC.dll
0x5aca0000 - 0x5ad0c000 	C:\WINDOWS\SYSTEM32\twinapi.dll
0x75a80000 - 0x75b08000 	C:\WINDOWS\System32\shcore.dll
0x6cd50000 - 0x6ce41000 	C:\WINDOWS\SYSTEM32\twinapi.appcore.dll
0x73990000 - 0x739ab000 	C:\WINDOWS\SYSTEM32\bcrypt.dll
0x74290000 - 0x75669000 	C:\WINDOWS\System32\SHELL32.dll
0x76a30000 - 0x76f9e000 	C:\WINDOWS\System32\windows.storage.dll
0x776a0000 - 0x776e5000 	C:\WINDOWS\System32\powrprof.dll
0x77750000 - 0x77796000 	C:\WINDOWS\System32\shlwapi.dll
0x77440000 - 0x7752a000 	C:\WINDOWS\System32\ole32.dll
0x6c410000 - 0x6c555000 	C:\Program Files (x86)\Arduino\java\bin\awt.dll
0x70940000 - 0x709d2000 	C:\WINDOWS\SYSTEM32\apphelp.dll
0x727a0000 - 0x727bf000 	C:\WINDOWS\system32\dwmapi.dll
0x6cbd0000 - 0x6cbe6000 	C:\Program Files (x86)\Arduino\java\bin\net.dll
0x739f0000 - 0x73a3e000 	C:\WINDOWS\system32\mswsock.dll
0x73370000 - 0x7339f000 	C:\WINDOWS\SYSTEM32\IPHLPAPI.DLL
0x75ec0000 - 0x75ec7000 	C:\WINDOWS\System32\NSI.dll
0x61740000 - 0x6176c000 	C:\Program Files (x86)\Arduino\lib\listSerialsj.dll
0x75670000 - 0x75a7b000 	C:\WINDOWS\System32\SETUPAPI.dll
0x739d0000 - 0x739e3000 	C:\WINDOWS\SYSTEM32\CRYPTSP.dll
0x73960000 - 0x7398f000 	C:\WINDOWS\system32\rsaenh.dll
0x739b0000 - 0x739c3000 	C:\WINDOWS\SYSTEM32\dhcpcsvc6.DLL
0x73350000 - 0x73364000 	C:\WINDOWS\SYSTEM32\dhcpcsvc.DLL
0x6e000000 - 0x6e00f000 	C:\Program Files (x86)\Arduino\java\bin\nio.dll
0x26910000 - 0x2694d000 	C:\Users\mlkro\AppData\Local\Temp\jna-103987689\jna2562166441774665961.dll
0x6cb90000 - 0x6cbc9000 	C:\Program Files (x86)\Arduino\java\bin\fontmanager.dll
0x6cb50000 - 0x6cb82000 	C:\Program Files (x86)\Arduino\java\bin\t2k.dll
0x72860000 - 0x72882000 	C:\WINDOWS\SYSTEM32\DEVOBJ.dll
0x75d10000 - 0x75d54000 	C:\WINDOWS\System32\WINTRUST.dll
0x75b10000 - 0x75b1e000 	C:\WINDOWS\System32\MSASN1.dll
0x76340000 - 0x764bd000 	C:\WINDOWS\System32\CRYPT32.dll
0x6df80000 - 0x6dffc000 	C:\WINDOWS\SYSTEM32\DNSAPI.dll
0x6dd80000 - 0x6dd88000 	C:\Windows\System32\rasadhlp.dll
0x6cae0000 - 0x6cb49000 	C:\Program Files (x86)\Arduino\msvcp100.dll
0x6c910000 - 0x6c9ce000 	C:\Program Files (x86)\Arduino\msvcr100.dll
0x25790000 - 0x257c2000 	C:\Program Files (x86)\Arduino\lib\AStylej.dll
0x6c8e0000 - 0x6c904000 	C:\Program Files (x86)\Arduino\java\bin\dcpr.dll
0x6bf40000 - 0x6c0ae000 	C:\WINDOWS\SYSTEM32\WindowsCodecs.dll
0x6cf70000 - 0x6cfb4000 	C:\WINDOWS\system32\dataexchange.dll
0x717f0000 - 0x71a1f000 	C:\WINDOWS\system32\d3d11.dll
0x6ce50000 - 0x6cf63000 	C:\WINDOWS\system32\dcomp.dll
0x71ab0000 - 0x71b34000 	C:\WINDOWS\system32\dxgi.dll
0x73300000 - 0x73349000 	C:\WINDOWS\System32\fwpuclnt.dll
0x73a70000 - 0x73bb5000 	C:\WINDOWS\SYSTEM32\dbghelp.dll

VM Arguments:
jvm_args: -Dsun.java2d.d3d=false -Djna.nosys=true -DAPP_DIR=C:\Program Files (x86)\Arduino -Xms128M -Xmx512M 
java_command: processing.app.Base \\engnas.ad.bu.edu\Projects\eng_proj_busat\ANDESITE\01-00_C&DH\Project Member Folders\Maria\MariasGitRepo\WSN_files\collect_and_transmit\working_copy_v26_BBBinterface\acdh_wsn_1\acdh_wsn_1.ino
java_class_path (initial): C:\Program Files (x86)\Arduino\lib\apple.jar;C:\Program Files (x86)\Arduino\lib\arduino-core.jar;C:\Program Files (x86)\Arduino\lib\batik-1.8.jar;C:\Program Files (x86)\Arduino\lib\batik-anim-1.8.jar;C:\Program Files (x86)\Arduino\lib\batik-awt-util-1.8.jar;C:\Program Files (x86)\Arduino\lib\batik-bridge-1.8.jar;C:\Program Files (x86)\Arduino\lib\batik-codec-1.8.jar;C:\Program Files (x86)\Arduino\lib\batik-css-1.8.jar;C:\Program Files (x86)\Arduino\lib\batik-dom-1.8.jar;C:\Program Files (x86)\Arduino\lib\batik-ext-1.8.jar;C:\Program Files (x86)\Arduino\lib\batik-gvt-1.8.jar;C:\Program Files (x86)\Arduino\lib\batik-parser-1.8.jar;C:\Program Files (x86)\Arduino\lib\batik-rasterizer-1.8.jar;C:\Program Files (x86)\Arduino\lib\batik-script-1.8.jar;C:\Program Files (x86)\Arduino\lib\batik-squiggle-1.8.jar;C:\Program Files (x86)\Arduino\lib\batik-svg-dom-1.8.jar;C:\Program Files (x86)\Arduino\lib\batik-svgpp-1.8.jar;C:\Program Files (x86)\Arduino\lib\batik-transcoder-1.8.jar;C:\Program Files (x86)\Arduino\lib\batik-util-1.8.jar;C:\Program Files (x86)\Arduino\lib\batik-xml-1.8.jar;C:\Program Files (x86)\Arduino\lib\bcpg-jdk15on-152.jar;C:\Program Files (x86)\Arduino\lib\bcprov-jdk15on-152.jar;C:\Program Files (x86)\Arduino\lib\commons-codec-1.7.jar;C:\Program Files (x86)\Arduino\lib\commons-compress-1.8.jar;C:\Program Files (x86)\Arduino\lib\commons-exec-1.1.jar;C:\Program Files (x86)\Arduino\lib\commons-httpclient-3.1.jar;C:\Program Files (x86)\Arduino\lib\commons-lang3-3.3.2.jar;C:\Program Files (x86)\Arduino\lib\commons-logging-1.0.4.jar;C:\Program Files (x86)\Arduino\lib\commons-net-3.3.jar;C:\Program Files (x86)\Arduino\lib\jackson-annotations-2.6.3.jar;C:\Program Files (x86)\Arduino\lib\jackson-core-2.6.3.jar;C:\Program Files (x86)\Arduino\lib\jackson-databind-2.6.3.jar;C:\Program Files (x86)\Arduino\lib\jackson-module-mrbean-2.6.3.jar;C:\Program Files (x86)\Arduino\lib\java-semver-0.8.0.jar;C:\Program Files (x86)\Arduino\lib\jmdns-3.4.1.j
Launcher Type: SUN_STANDARD

Environment Variables:
PATH=C:\ProgramData\Oracle\Java\javapath;C:\Program Files (x86)\Intel\iCLS Client\;C:\Program Files\Intel\iCLS Client\;C:\WINDOWS\system32;C:\WINDOWS;C:\WINDOWS\System32\Wbem;C:\WINDOWS\System32\WindowsPowerShell\v1.0\;C:\Program Files (x86)\Intel\Intel(R) Management Engine Components\DAL;C:\Program Files\Intel\Intel(R) Management Engine Components\DAL;C:\Program Files (x86)\Intel\Intel(R) Management Engine Components\IPT;C:\Program Files\Intel\Intel(R) Management Engine Components\IPT;C:\Program Files\Git\cmd;C:\Program Files\nodejs\;C:\Program Files\Intel\WiFi\bin\;C:\Program Files\Common Files\Intel\WirelessCommon\;C:\Program Files (x86)\Common Files\Borland Shared\BDE;C:\Users\mlkro\AppData\Roaming\npm;%USERPROFILE%\AppData\Local\Microsoft\WindowsApps;;C:\Program Files (x86)\Arduino\java\bin
USERNAME=mlkro
OS=Windows_NT
PROCESSOR_IDENTIFIER=Intel64 Family 6 Model 78 Stepping 3, GenuineIntel



---------------  S Y S T E M  ---------------

OS: Windows 10.0 , 64 bit Build 14393 (10.0.14393.0)

CPU:total 4 (2 cores per cpu, 2 threads per core) family 6 model 78 stepping 3, cmov, cx8, fxsr, mmx, sse, sse2, sse3, ssse3, sse4.1, sse4.2, popcnt, avx, avx2, aes, clmul, erms, 3dnowpref, lzcnt, ht, tsc, tscinvbit, bmi1, bmi2, adx

Memory: 4k page, physical 8244692k(2182420k free), swap 11652564k(2365176k free)

vm_info: Java HotSpot(TM) Client VM (25.92-b14) for windows-x86 JRE (1.8.0_92-b14), built on Mar 31 2016 21:09:21 by "java_re" with MS VC++ 10.0 (VS2010)

time: Sun Jan 22 12:38:05 2017
elapsed time: 331 seconds (0d 0h 5m 31s)

